Log file open, 09/10/18 13:02:14
LogWindows: Failed to load 'aqProf.dll' (GetLastError=126)
LogWindows: File 'aqProf.dll' does not exist
LogWindows: Failed to load 'VSPerf140.dll' (GetLastError=126)
LogWindows: File 'VSPerf140.dll' does not exist
LogWindows: Failed to load 'VtuneApi.dll' (GetLastError=126)
LogWindows: File 'VtuneApi.dll' does not exist
LogWindows: Failed to load 'VtuneApi32e.dll' (GetLastError=126)
LogWindows: File 'VtuneApi32e.dll' does not exist
LogInit: Display: Running engine for game: HoopBallFinal
LogPlatformFile: Not using cached read wrapper
LogTaskGraph: Started task graph with 5 named threads and 23 total threads with 3 sets of task threads.
LogStats: Stats thread started at 0.293295
LogD3D11RHI: Loaded GFSDK_Aftermath_Lib.x64.dll
LogICUInternationalization: Display: ICU TimeZone Detection - Raw Offset: +2:00, Platform Override: ''
LogPluginManager: Mounting plugin Paper2D
LogPluginManager: Mounting plugin AISupport
LogPluginManager: Mounting plugin LightPropagationVolume
LogPluginManager: Mounting plugin CLionSourceCodeAccess
LogPluginManager: Mounting plugin CodeLiteSourceCodeAccess
LogPluginManager: Mounting plugin GitSourceControl
LogPluginManager: Mounting plugin KDevelopSourceCodeAccess
LogPluginManager: Mounting plugin NullSourceCodeAccess
LogPluginManager: Mounting plugin PerforceSourceControl
LogPluginManager: Mounting plugin SubversionSourceControl
LogPluginManager: Mounting plugin UObjectPlugin
LogPluginManager: Mounting plugin VisualStudioCodeSourceCodeAccess
LogPluginManager: Mounting plugin VisualStudioSourceCodeAccess
LogPluginManager: Mounting plugin XCodeSourceCodeAccess
LogPluginManager: Mounting plugin AssetManagerEditor
LogPluginManager: Mounting plugin CryptoKeys
LogPluginManager: Mounting plugin DataValidation
LogPluginManager: Mounting plugin FacialAnimation
LogPluginManager: Mounting plugin GameplayTagsEditor
LogPluginManager: Mounting plugin MacGraphicsSwitching
LogPluginManager: Mounting plugin MeshEditor
LogPluginManager: Mounting plugin MobileLauncherProfileWizard
LogPluginManager: Mounting plugin PluginBrowser
LogPluginManager: Mounting plugin SpeedTreeImporter
LogPluginManager: Mounting plugin DatasmithContent
LogPluginManager: Mounting plugin AlembicImporter
LogPluginManager: Mounting plugin AppleImageUtils
LogPluginManager: Mounting plugin AppleVision
LogPluginManager: Mounting plugin BackChannel
LogPluginManager: Mounting plugin CharacterAI
LogPluginManager: Mounting plugin GeometryCache
LogPluginManager: Mounting plugin HTML5Networking
LogPluginManager: Mounting plugin ProxyLODPlugin
LogPluginManager: Mounting plugin MagicLeap
LogPluginManager: Mounting plugin MagicLeapEmulator
LogPluginManager: Mounting plugin MagicLeapMedia
LogPluginManager: Mounting plugin ExtendedFacebook
LogPluginManager: Mounting plugin gameDNAinstaller
LogPluginManager: Mounting plugin UniversalMobileAds
LogPluginManager: Mounting plugin AndroidMedia
LogPluginManager: Mounting plugin AvfMedia
LogPluginManager: Mounting plugin ImgMedia
LogPluginManager: Mounting plugin LinearTimecode
LogPluginManager: Mounting plugin MediaCompositing
LogPluginManager: Mounting plugin MediaPlayerEditor
LogPluginManager: Mounting plugin WmfMedia
LogPluginManager: Mounting plugin TcpMessaging
LogPluginManager: Mounting plugin UdpMessaging
LogPluginManager: Mounting plugin ActorSequence
LogPluginManager: Mounting plugin LevelSequenceEditor
LogPluginManager: Mounting plugin MatineeToLevelSequence
LogPluginManager: Mounting plugin NetcodeUnitTest
LogPluginManager: Mounting plugin NUTUnrealEngine4
LogPluginManager: Mounting plugin OnlineSubsystemGooglePlay
LogPluginManager: Mounting plugin OnlineSubsystemIOS
LogPluginManager: Mounting plugin OnlineSubsystem
LogPluginManager: Mounting plugin OnlineSubsystemNull
LogPluginManager: Mounting plugin OnlineSubsystemUtils
LogPluginManager: Mounting plugin LauncherChunkInstaller
LogPluginManager: Mounting plugin AndroidDeviceProfileSelector
LogPluginManager: Mounting plugin AndroidMoviePlayer
LogPluginManager: Mounting plugin AndroidPermission
LogPluginManager: Mounting plugin AppleMoviePlayer
LogPluginManager: Mounting plugin ArchVisCharacter
LogPluginManager: Mounting plugin AudioCapture
LogPluginManager: Mounting plugin CableComponent
LogPluginManager: Mounting plugin CustomMeshComponent
LogPluginManager: Mounting plugin EditableMesh
LogPluginManager: Mounting plugin ExampleDeviceProfileSelector
LogPluginManager: Mounting plugin GoogleCloudMessaging
LogPluginManager: Mounting plugin ImmediatePhysics
LogPluginManager: Mounting plugin IOSDeviceProfileSelector
LogPluginManager: Mounting plugin LinuxDeviceProfileSelector
LogPluginManager: Mounting plugin LocationServicesBPLibrary
LogPluginManager: Mounting plugin MobilePatchingUtils
LogPluginManager: Mounting plugin OculusVR
LogPluginManager: Plugin shader directory ../../../Engine/Plugins/Runtime/Oculus/OculusVR/Shaders found
LogPluginManager: Mapping shader source directory ../../../Engine/Plugins/Runtime/Oculus/OculusVR/Shaders to virtual directory /Plugin/OculusVR
LogPluginManager: Mounting plugin PhysXVehicles
LogPluginManager: Mounting plugin ProceduralMeshComponent
LogPluginManager: Mounting plugin RuntimePhysXCooking
LogPluginManager: Mounting plugin SteamVR
LogPluginManager: Mounting plugin WindowsMoviePlayer
LogStreaming: Display: Took  0.098s to configure plugins.
LogInit: Using libcurl 7.55.1-DEV
LogInit:  - built for x86_64-pc-win32
LogInit:  - supports SSL with OpenSSL/1.0.2h
LogInit:  - supports HTTP deflate (compression) using libz 1.2.8
LogInit:  - other features:
LogInit:      CURL_VERSION_SSL
LogInit:      CURL_VERSION_LIBZ
LogInit:      CURL_VERSION_IPV6
LogInit:      CURL_VERSION_ASYNCHDNS
LogInit:      CURL_VERSION_LARGEFILE
LogInit:      CURL_VERSION_IDN
LogInit:  CurlRequestOptions (configurable via config and command line):
LogInit:  - bVerifyPeer = false  - Libcurl will NOT verify peer certificate
LogInit:  - bUseHttpProxy = false  - Libcurl will NOT use HTTP proxy
LogInit:  - bDontReuseConnections = false  - Libcurl will reuse connections
LogInit:  - CertBundlePath = nullptr  - Libcurl will use whatever was configured at build time.
LogInit:  - MaxHostConnections = 16  - Libcurl will limit the number of connections to a host
LogInit:  - LocalHostAddr = Default
LogInit:  - BufferSize = 65536
LogInit: WinSock: version 1.1 (2.2), MaxSocks=32767, MaxUdp=65467
LogInit: Build: ++UE4+Release-4.20-CL-4302132
LogInit: Engine Version: 4.20.2-4302132+++UE4+Release-4.20
LogInit: Compatible Engine Version: 4.20.0-4212847+++UE4+Release-4.20
LogInit: Net CL: 4212847
LogInit: OS: Windows 7 (Service Pack 1), CPU:         Intel(R) Core(TM) i7-3820 CPU @ 3.60GHz, GPU: NVIDIA GeForce GTX 1070
LogInit: Compiled (64-bit): Aug 21 2018 02:06:06
LogInit: Compiled with Visual C++: 19.13.26129.00
LogInit: Build Configuration: Development
LogInit: Branch Name: ++UE4+Release-4.20
LogInit: Command Line:  
LogInit: Base Directory: L:/Program Files/Epic Games/UE_4.20/Engine/Binaries/Win64/
LogInit: Installed Engine Build: 1
LogDevObjectVersion: Number of dev versions registered: 20
LogDevObjectVersion:   Dev-Blueprints (B0D832E4-1F89-4F0D-ACCF-7EB736FD4AA2): 10
LogDevObjectVersion:   Dev-Build (E1C64328-A22C-4D53-A36C-8E866417BD8C): 0
LogDevObjectVersion:   Dev-Core (375EC13C-06E4-48FB-B500-84F0262A717E): 2
LogDevObjectVersion:   Dev-Editor (E4B068ED-F494-42E9-A231-DA0B2E46BB41): 24
LogDevObjectVersion:   Dev-Framework (CFFC743F-43B0-4480-9391-14DF171D2073): 34
LogDevObjectVersion:   Dev-Mobile (B02B49B5-BB20-44E9-A304-32B752E40360): 2
LogDevObjectVersion:   Dev-Networking (A4E4105C-59A1-49B5-A7C5-40C4547EDFEE): 0
LogDevObjectVersion:   Dev-Online (39C831C9-5AE6-47DC-9A44-9C173E1C8E7C): 0
LogDevObjectVersion:   Dev-Physics (78F01B33-EBEA-4F98-B9B4-84EACCB95AA2): 0
LogDevObjectVersion:   Dev-Platform (6631380F-2D4D-43E0-8009-CF276956A95A): 0
LogDevObjectVersion:   Dev-Rendering (12F88B9F-8875-4AFC-A67C-D90C383ABD29): 26
LogDevObjectVersion:   Dev-Sequencer (7B5AE74C-D270-4C10-A958-57980B212A5A): 9
LogDevObjectVersion:   Dev-VR (D7296918-1DD6-4BDD-9DE2-64A83CC13884): 2
LogDevObjectVersion:   Dev-LoadTimes (C2A15278-BFE7-4AFE-6C17-90FF531DF755): 1
LogDevObjectVersion:   Private-Geometry (6EACA3D4-40EC-4CC1-B786-8BED09428FC5): 3
LogDevObjectVersion:   Dev-AnimPhys (29E575DD-E0A3-4627-9D10-D276232CDCEA): 17
LogDevObjectVersion:   Dev-ReflectionCapture (6B266CEC-1EC7-4B8F-A30B-E4D90942FC07): 1
LogDevObjectVersion:   Dev-Automation (0DF73D61-A23F-47EA-B727-89E90C41499A): 1
LogDevObjectVersion:   FortniteMain (601D1886-AC64-4F84-AA16-D3DE0DEAC7D6): 12
LogDevObjectVersion:   Dev-Enterprise (9DFFBCD6-494F-0158-E221-12823C92A888): 1
LogStreaming: Display: Took  0.000s to delete old logs.
LogInit: Presizing for max 8388607 objects, including 0 objects not considered by GC, pre-allocating 0 bytes for permanent pool.
LogInit: Object subsystem initialized
[2018.09.10-11.02.15:276][  0]LogInit: Selected Device Profile: [Windows]
[2018.09.10-11.02.15:276][  0]LogInit: Applying CVar settings loaded from the selected device profile: [Windows]
[2018.09.10-11.02.15:291][  0]LogHAL: Display: Platform has ~ 16 GB [17128501248 / 17179869184 / 16], which maps to Larger [LargestMinGB=32, LargerMinGB=12, DefaultMinGB=8, SmallerMinGB=6, SmallestMinGB=0)
[2018.09.10-11.02.15:291][  0]LogInit: Setting Device Profile CVar: [[r.Vulkan.UseRealUBs:1]]
[2018.09.10-11.02.15:291][  0]LogInit: Going up to parent DeviceProfile []
[2018.09.10-11.02.15:291][  0]LogInit: Computer: STEVEN-PC
[2018.09.10-11.02.15:292][  0]LogInit: User: Steven
[2018.09.10-11.02.15:292][  0]LogInit: CPU Page size=4096, Cores=4
[2018.09.10-11.02.15:292][  0]LogInit: High frequency timer resolution =3.515605 MHz
[2018.09.10-11.02.15:292][  0]LogMemory: Memory total: Physical=16.0GB (16GB approx)
[2018.09.10-11.02.15:292][  0]LogMemory: Platform Memory Stats for Windows
[2018.09.10-11.02.15:292][  0]LogMemory: Process Physical Memory: 101.50 MB used, 101.50 MB peak
[2018.09.10-11.02.15:292][  0]LogMemory: Process Virtual Memory: 93.25 MB used, 93.25 MB peak
[2018.09.10-11.02.15:292][  0]LogMemory: Physical Memory: 12961.71 MB used,  3373.30 MB free, 16335.01 MB total
[2018.09.10-11.02.15:292][  0]LogMemory: Virtual Memory: 482.19 MB used,  3373.30 MB free, 8388608.00 MB total
[2018.09.10-11.02.15:325][  0]LogInit: Using OS detected language (en-US).
[2018.09.10-11.02.15:325][  0]LogInit: Using OS detected locale (en-US).
[2018.09.10-11.02.15:326][  0]LogTextLocalizationManager: No specific localization for 'en-US' exists, so the 'en' localization will be used.
[2018.09.10-11.02.15:834][  0]LogStreaming: Display: Took  0.510s to InitEngineTextLocalization.
[2018.09.10-11.02.15:835][  0]LogWindows: Failed to load 'shcore.dll' (GetLastError=126)
[2018.09.10-11.02.15:835][  0]LogWindows: File 'shcore.dll' does not exist
[2018.09.10-11.02.15:835][  0]LogInit: Setting process to DPI aware
[2018.09.10-11.02.15:883][  0]LogSlate: New Slate User Created.  User Index 0, Is Virtual User: 0
[2018.09.10-11.02.15:883][  0]LogSlate: Slate User Registered.  User Index 0, Is Virtual User: 0
[2018.09.10-11.02.16:222][  0]LogHMD: Failed to initialize OpenVR with code 105
[2018.09.10-11.02.16:222][  0]LogD3D11RHI: D3D11 adapters:
[2018.09.10-11.02.16:271][  0]LogD3D11RHI:    0. 'NVIDIA GeForce GTX 1070' (Feature Level 11_0)
[2018.09.10-11.02.16:271][  0]LogD3D11RHI:       8077/0/7911 MB DedicatedVideo/DedicatedSystem/SharedSystem, Outputs:2, VendorId:0x10de
[2018.09.10-11.02.16:271][  0]LogD3D11RHI: Chosen D3D11 Adapter: 0
[2018.09.10-11.02.16:280][  0]LogD3D11RHI: Creating new Direct3DDevice
[2018.09.10-11.02.16:280][  0]LogD3D11RHI:     GPU DeviceId: 0x1b81 (for the marketing name, search the web for "GPU Device Id")
[2018.09.10-11.02.16:280][  0]LogWindows: EnumDisplayDevices:
[2018.09.10-11.02.16:280][  0]LogWindows:    0. 'NVIDIA GeForce GTX 1070' (P:1 D:1)
[2018.09.10-11.02.16:281][  0]LogWindows:    1. 'NVIDIA GeForce GTX 1070' (P:0 D:1)
[2018.09.10-11.02.16:281][  0]LogWindows:    2. 'NVIDIA GeForce GTX 1070' (P:0 D:0)
[2018.09.10-11.02.16:281][  0]LogWindows:    3. 'NVIDIA GeForce GTX 1070' (P:0 D:0)
[2018.09.10-11.02.16:281][  0]LogWindows:    4. 'RDPDD Chained DD' (P:0 D:0)
[2018.09.10-11.02.16:281][  0]LogWindows:    5. 'RDP Encoder Mirror Driver' (P:0 D:0)
[2018.09.10-11.02.16:281][  0]LogWindows:    6. 'RDP Reflector Display Driver' (P:0 D:0)
[2018.09.10-11.02.16:281][  0]LogWindows: DebugString: GetVideoDriverDetailsInvalid PrimaryIsNotTheChoosenAdapter GetVideoDriverDetailsInvalid PrimaryIsNotTheChoosenAdapter GetVideoDriverDetailsInvalid PrimaryIsNotTheChoosenAdapter FoundDriverCount:4 
[2018.09.10-11.02.16:281][  0]LogD3D11RHI:     Adapter Name: NVIDIA GeForce GTX 1070
[2018.09.10-11.02.16:282][  0]LogD3D11RHI:   Driver Version: 390.77 (internal:23.21.13.9077, unified:390.77)
[2018.09.10-11.02.16:282][  0]LogD3D11RHI:      Driver Date: 1-23-2018
[2018.09.10-11.02.16:282][  0]LogRHI: Texture pool is 5654 MB (70% of 8077 MB)
[2018.09.10-11.02.16:303][  0]LogD3D11RHI: Async texture creation enabled
[2018.09.10-11.02.16:330][  0]LogD3D11RHI: GPU Timing Frequency: 1000.000000 (Debug: 2 2)
[2018.09.10-11.02.16:375][  0]LogShaderCompilers: Guid format shader working directory is 0 characters bigger than the processId version (../../../../../../coded projects/HoopballFinal/Intermediate/Shaders/WorkingDirectory/27948/).
[2018.09.10-11.02.16:375][  0]LogShaderCompilers: Cleaned the shader compiler working directory 'C:/Users/Steven/AppData/Local/Temp/UnrealShaderWorkingDir/E1B27ADD454FBBBF1FD98F8F89073F71/'.
[2018.09.10-11.02.16:740][  0]LogTemp: Display: Loaded TP AllDesktopTargetPlatform
[2018.09.10-11.02.16:764][  0]LogTemp: Display: Loaded TP MacClientTargetPlatform
[2018.09.10-11.02.16:786][  0]LogTemp: Display: Loaded TP MacNoEditorTargetPlatform
[2018.09.10-11.02.16:811][  0]LogTemp: Display: Loaded TP MacServerTargetPlatform
[2018.09.10-11.02.16:838][  0]LogTemp: Display: Loaded TP MacTargetPlatform
[2018.09.10-11.02.16:863][  0]LogTemp: Display: Loaded TP WindowsClientTargetPlatform
[2018.09.10-11.02.16:886][  0]LogTemp: Display: Loaded TP WindowsNoEditorTargetPlatform
[2018.09.10-11.02.16:909][  0]LogTemp: Display: Loaded TP WindowsServerTargetPlatform
[2018.09.10-11.02.16:918][  0]LogTemp: Display: Loaded TP WindowsTargetPlatform
[2018.09.10-11.02.17:073][  0]LogTemp: Display: Loaded TP AndroidTargetPlatform
[2018.09.10-11.02.17:073][  0]LogTemp: Display: Loaded TP AndroidTargetPlatform
[2018.09.10-11.02.17:073][  0]LogTemp: Display: Loaded TP AndroidTargetPlatform
[2018.09.10-11.02.17:073][  0]LogTemp: Display: Loaded TP AndroidTargetPlatform
[2018.09.10-11.02.17:073][  0]LogTemp: Display: Loaded TP AndroidTargetPlatform
[2018.09.10-11.02.17:073][  0]LogTemp: Display: Loaded TP AndroidTargetPlatform
[2018.09.10-11.02.17:073][  0]LogTemp: Display: Loaded TP AndroidTargetPlatform
[2018.09.10-11.02.17:073][  0]LogTemp: Display: Loaded TP AndroidTargetPlatform
[2018.09.10-11.02.17:073][  0]LogTemp: Display: Loaded TP AndroidTargetPlatform
[2018.09.10-11.02.17:073][  0]LogTemp: Display: Loaded TP AndroidTargetPlatform
[2018.09.10-11.02.17:073][  0]LogTemp: Display: Loaded TP AndroidTargetPlatform
[2018.09.10-11.02.17:073][  0]LogTemp: Display: Loaded TP AndroidTargetPlatform
[2018.09.10-11.02.17:073][  0]LogTemp: Display: Loaded TP AndroidTargetPlatform
[2018.09.10-11.02.17:073][  0]LogTemp: Display: Loaded TP AndroidTargetPlatform
[2018.09.10-11.02.17:073][  0]LogTemp: Display: Loaded TP AndroidTargetPlatform
[2018.09.10-11.02.17:073][  0]LogTemp: Display: Loaded TP AndroidTargetPlatform
[2018.09.10-11.02.17:073][  0]LogTemp: Display: Loaded TP AndroidTargetPlatform
[2018.09.10-11.02.17:073][  0]LogTemp: Display: Loaded TP AndroidTargetPlatform
[2018.09.10-11.02.17:075][  0]LogTemp: Display: Loaded TP HTML5TargetPlatform
[2018.09.10-11.02.17:151][  0]LogTemp: Display: Loaded TP IOSTargetPlatform
[2018.09.10-11.02.17:151][  0]LogTemp: Display: Loaded TP IOSTargetPlatform
[2018.09.10-11.02.17:196][  0]LogTemp: Display: Loaded TP TVOSTargetPlatform
[2018.09.10-11.02.17:196][  0]LogTemp: Display: Loaded TP TVOSTargetPlatform
[2018.09.10-11.02.17:217][  0]LogTemp: Display: Loaded TP LinuxClientTargetPlatform
[2018.09.10-11.02.17:240][  0]LogTemp: Display: Loaded TP LinuxNoEditorTargetPlatform
[2018.09.10-11.02.17:265][  0]LogTemp: Display: Loaded TP LinuxServerTargetPlatform
[2018.09.10-11.02.17:290][  0]LogTemp: Display: Loaded TP LinuxTargetPlatform
[2018.09.10-11.02.17:307][  0]LogTemp: Display: Loaded TP LuminTargetPlatform
[2018.09.10-11.02.17:308][  0]LogTargetPlatformManager: Display: Building Assets For Windows
[2018.09.10-11.02.17:378][  0]LogShaderCompilers: Display: Using XGE Shader Compiler (Interception Interface).
[2018.09.10-11.02.18:591][  0]LogDerivedDataCache: Display: Max Cache Size: 512 MB
[2018.09.10-11.02.18:669][  0]LogDerivedDataCache: Loaded boot cache 0.08s 71MB C:/Users/Steven/AppData/Local/UnrealEngine/4.20/DerivedDataCache/Boot.ddc.
[2018.09.10-11.02.18:669][  0]LogDerivedDataCache: Display: Loaded Boot cache: C:/Users/Steven/AppData/Local/UnrealEngine/4.20/DerivedDataCache/Boot.ddc
[2018.09.10-11.02.18:669][  0]LogDerivedDataCache: FDerivedDataBackendGraph:  Pak pak cache file ../../../../../../coded projects/HoopballFinal/DerivedDataCache/DDC.ddp not found, will not use a pak cache.
[2018.09.10-11.02.18:669][  0]LogDerivedDataCache: Unable to find inner node Pak for hierarchical cache Hierarchy.
[2018.09.10-11.02.18:669][  0]LogDerivedDataCache: FDerivedDataBackendGraph:  CompressedPak pak cache file ../../../../../../coded projects/HoopballFinal/DerivedDataCache/Compressed.ddp not found, will not use a pak cache.
[2018.09.10-11.02.18:669][  0]LogDerivedDataCache: Unable to find inner node CompressedPak for hierarchical cache Hierarchy.
[2018.09.10-11.02.18:688][  0]LogDerivedDataCache: Display: Pak cache opened for reading ../../../Engine/DerivedDataCache/Compressed.ddp.
[2018.09.10-11.02.18:699][  0]LogDerivedDataCache: Using Local data cache path C:/Users/Steven/AppData/Local/UnrealEngine/Common/DerivedDataCache: Writable
[2018.09.10-11.02.18:699][  0]LogDerivedDataCache: Shared data cache path not found in *engine.ini, will not use an Shared cache.
[2018.09.10-11.02.18:699][  0]LogDerivedDataCache: Unable to find inner node Shared for hierarchical cache Hierarchy.
[2018.09.10-11.02.18:788][  0]LogMaterial: Verifying Global Shaders for PCD3D_SM5
[2018.09.10-11.02.18:790][  0]LogSlate: Using FreeType 2.6.0
[2018.09.10-11.02.18:791][  0]LogSlate: SlateFontServices - WITH_FREETYPE: 1, WITH_HARFBUZZ: 1
[2018.09.10-11.02.18:889][  0]LogAssetRegistry: FAssetRegistry took 0.0291 seconds to start up
[2018.09.10-11.02.19:459][  0]LogInit: Selected Device Profile: [Windows]
[2018.09.10-11.02.20:247][  0]LogSimplygon: Simplygon DLL not present - disabling.
[2018.09.10-11.02.20:250][  0]LogMeshReduction: Using SimplygonSwarm for distributed automatic mesh merging
[2018.09.10-11.02.20:250][  0]LogMeshReduction: Using ProxyLODMeshReduction for automatic mesh merging
[2018.09.10-11.02.20:250][  0]LogMeshReduction: Using QuadricMeshReduction for automatic static mesh reduction
[2018.09.10-11.02.20:250][  0]LogMeshReduction: No automatic skeletal mesh reduction module available
[2018.09.10-11.02.20:279][  0]LogNetVersion: HoopBallFinal 1.0.0, NetCL: 4212847, EngineNetVer: 5, GameNetVer: 0 (Checksum: 1714528391)
[2018.09.10-11.02.21:951][  0]LogPackageLocalizationCache: Processed 11 localized package path(s) for 2 prioritized culture(s) in 0.206175 seconds
[2018.09.10-11.02.21:960][  0]LogUObjectArray: 38425 objects as part of root set at end of initial load.
[2018.09.10-11.02.21:960][  0]LogUObjectAllocator: 6690872 out of 0 bytes used by permanent object pool.
[2018.09.10-11.02.21:960][  0]LogUObjectArray: CloseDisregardForGC: 0/0 objects in disregard for GC pool
[2018.09.10-11.02.23:877][  0]LogTcpMessaging: Initializing TcpMessaging bridge
[2018.09.10-11.02.23:891][  0]LogUdpMessaging: Initializing bridge on interface 0.0.0.0:0 to multicast group 230.0.0.1:6666.
[2018.09.10-11.02.24:158][  0]SourceControl: Source control is disabled
[2018.09.10-11.02.24:159][  0]LogWindows: Warning: CreateProc failed: The system cannot find the file specified. (0x00000002)
[2018.09.10-11.02.24:159][  0]LogWindows: Warning: URL: C:/Program Files/Git/bin/git.exe version
[2018.09.10-11.02.24:159][  0]LogWindows: Warning: CreateProc failed: The system cannot find the file specified. (0x00000002)
[2018.09.10-11.02.24:159][  0]LogWindows: Warning: URL: C:/Program Files (x86)/Git/bin/git.exe version
[2018.09.10-11.02.24:159][  0]LogWindows: Warning: CreateProc failed: The system cannot find the file specified. (0x00000002)
[2018.09.10-11.02.24:159][  0]LogWindows: Warning: URL: C:\Users\Steven\AppData\Local/Programs/Git/cmd/git.exe version
[2018.09.10-11.02.24:159][  0]LogWindows: Warning: CreateProc failed: The system cannot find the file specified. (0x00000002)
[2018.09.10-11.02.24:159][  0]LogWindows: Warning: URL: C:/Program Files (x86)/SmartGit/git/bin/git.exe version
[2018.09.10-11.02.24:160][  0]LogWindows: Warning: CreateProc failed: The system cannot find the file specified. (0x00000002)
[2018.09.10-11.02.24:160][  0]LogWindows: Warning: URL: C:/Program Files (x86)/SmartGit/bin/git.exe version
[2018.09.10-11.02.24:160][  0]LogWindows: Warning: CreateProc failed: The system cannot find the file specified. (0x00000002)
[2018.09.10-11.02.24:160][  0]LogWindows: Warning: URL: C:\Users\Steven\AppData\Local/Atlassian/SourceTree/git_local/bin/git.exe version
[2018.09.10-11.02.24:161][  0]LogWindows: Warning: CreateProc failed: The system cannot find the file specified. (0x00000002)
[2018.09.10-11.02.24:161][  0]LogWindows: Warning: URL: C:/Program Files (x86)/fournova/Tower/vendor/Git/bin/git.exe version
[2018.09.10-11.02.24:163][  0]LogWindows: Warning: CreateProc failed: The system cannot find the file specified. (0x00000002)
[2018.09.10-11.02.24:163][  0]LogWindows: Warning: URL: C:/Program Files/Git/bin/git.exe version
[2018.09.10-11.02.24:163][  0]LogWindows: Warning: CreateProc failed: The system cannot find the file specified. (0x00000002)
[2018.09.10-11.02.24:163][  0]LogWindows: Warning: URL: C:/Program Files (x86)/Git/bin/git.exe version
[2018.09.10-11.02.24:163][  0]LogWindows: Warning: CreateProc failed: The system cannot find the file specified. (0x00000002)
[2018.09.10-11.02.24:163][  0]LogWindows: Warning: URL: C:\Users\Steven\AppData\Local/Programs/Git/cmd/git.exe version
[2018.09.10-11.02.24:163][  0]LogWindows: Warning: CreateProc failed: The system cannot find the file specified. (0x00000002)
[2018.09.10-11.02.24:163][  0]LogWindows: Warning: URL: C:/Program Files (x86)/SmartGit/git/bin/git.exe version
[2018.09.10-11.02.24:164][  0]LogWindows: Warning: CreateProc failed: The system cannot find the file specified. (0x00000002)
[2018.09.10-11.02.24:164][  0]LogWindows: Warning: URL: C:/Program Files (x86)/SmartGit/bin/git.exe version
[2018.09.10-11.02.24:164][  0]LogWindows: Warning: CreateProc failed: The system cannot find the file specified. (0x00000002)
[2018.09.10-11.02.24:164][  0]LogWindows: Warning: URL: C:\Users\Steven\AppData\Local/Atlassian/SourceTree/git_local/bin/git.exe version
[2018.09.10-11.02.24:164][  0]LogWindows: Warning: CreateProc failed: The system cannot find the file specified. (0x00000002)
[2018.09.10-11.02.24:164][  0]LogWindows: Warning: URL: C:/Program Files (x86)/fournova/Tower/vendor/Git/bin/git.exe version
[2018.09.10-11.02.24:166][  0]LogWindows: Warning: CreateProc failed: The system cannot find the file specified. (0x00000002)
[2018.09.10-11.02.24:166][  0]LogWindows: Warning: URL: C:/Program Files/Git/bin/git.exe version
[2018.09.10-11.02.24:166][  0]LogWindows: Warning: CreateProc failed: The system cannot find the file specified. (0x00000002)
[2018.09.10-11.02.24:166][  0]LogWindows: Warning: URL: C:/Program Files (x86)/Git/bin/git.exe version
[2018.09.10-11.02.24:166][  0]LogWindows: Warning: CreateProc failed: The system cannot find the file specified. (0x00000002)
[2018.09.10-11.02.24:166][  0]LogWindows: Warning: URL: C:\Users\Steven\AppData\Local/Programs/Git/cmd/git.exe version
[2018.09.10-11.02.24:166][  0]LogWindows: Warning: CreateProc failed: The system cannot find the file specified. (0x00000002)
[2018.09.10-11.02.24:166][  0]LogWindows: Warning: URL: C:/Program Files (x86)/SmartGit/git/bin/git.exe version
[2018.09.10-11.02.24:167][  0]LogWindows: Warning: CreateProc failed: The system cannot find the file specified. (0x00000002)
[2018.09.10-11.02.24:167][  0]LogWindows: Warning: URL: C:/Program Files (x86)/SmartGit/bin/git.exe version
[2018.09.10-11.02.24:167][  0]LogWindows: Warning: CreateProc failed: The system cannot find the file specified. (0x00000002)
[2018.09.10-11.02.24:167][  0]LogWindows: Warning: URL: C:\Users\Steven\AppData\Local/Atlassian/SourceTree/git_local/bin/git.exe version
[2018.09.10-11.02.24:167][  0]LogWindows: Warning: CreateProc failed: The system cannot find the file specified. (0x00000002)
[2018.09.10-11.02.24:167][  0]LogWindows: Warning: URL: C:/Program Files (x86)/fournova/Tower/vendor/Git/bin/git.exe version
[2018.09.10-11.02.24:280][  0]LogGameDNAinstaller: Display: gameDNA installer module started
[2018.09.10-11.02.25:207][  0]LogAndroidPermission: UAndroidPermissionCallbackProxy::GetInstance
[2018.09.10-11.02.25:396][  0]LogOcInput: OculusInput pre-init called
[2018.09.10-11.02.25:630][  0]LogEngine: Initializing Engine...
[2018.09.10-11.02.25:634][  0]LogHMD: Failed to initialize OpenVR with code 105
[2018.09.10-11.02.25:637][  0]LogStats: UGameplayTagsManager::ConstructGameplayTagTree: ImportINI prefixes -  0.000 s
[2018.09.10-11.02.25:637][  0]LogStats: UGameplayTagsManager::ConstructGameplayTagTree: Construct from data asset -  0.000 s
[2018.09.10-11.02.25:637][  0]LogStats: UGameplayTagsManager::ConstructGameplayTagTree: ImportINI -  0.000 s
[2018.09.10-11.02.25:637][  0]LogStats: UGameplayTagsManager::ConstructGameplayTagTree: GameplayTagTreeChangedEvent.Broadcast -  0.000 s
[2018.09.10-11.02.27:222][  0]LogInit: Initializing FReadOnlyCVARCache
[2018.09.10-11.02.27:243][  0]LogAIModule: Creating AISystem for world Untitled
[2018.09.10-11.02.27:273][  0]LogInit: XAudio2 using 'Speakers (Sennheiser Main Audio)' : 6 channels at 48 kHz using 16 bits per sample (channel mask 0x3f)
[2018.09.10-11.02.27:278][  0]LogInit: FAudioDevice initialized.
[2018.09.10-11.02.27:279][  0]LogNetVersion: Set ProjectVersion to 1.0.0.0. Version Checksum will be recalculated on next use.
[2018.09.10-11.02.27:398][  0]LogDerivedDataCache: Saved boot cache 0.12s 85MB C:/Users/Steven/AppData/Local/UnrealEngine/4.20/DerivedDataCache/Boot.ddc.
[2018.09.10-11.02.27:401][  0]LogInit: Texture streaming: Enabled
[2018.09.10-11.02.27:420][  0]LogEngineSessionManager: EngineSessionManager initialized
[2018.09.10-11.02.27:436][  0]LogInit: Transaction tracking system initialized
[2018.09.10-11.02.27:464][  0]BlueprintLog: New page: Editor Load
[2018.09.10-11.02.27:561][  0]LocalizationService: Localization service is disabled
[2018.09.10-11.02.28:798][  0]LogCook: Display: Max memory allowance for cook 16384mb min free memory 0mb
[2018.09.10-11.02.28:798][  0]LogCook: Display: Mobile HDR setting 0
[2018.09.10-11.02.28:798][  0]LogGameplayTags: Display: UGameplayTagsManager::DoneAddingNativeTags. DelegateIsBound: 0
[2018.09.10-11.02.28:798][  0]LogStats: UGameplayTagsManager::ConstructGameplayTagTree: ImportINI prefixes -  0.000 s
[2018.09.10-11.02.28:798][  0]LogStats: UGameplayTagsManager::ConstructGameplayTagTree: Construct from data asset -  0.000 s
[2018.09.10-11.02.28:798][  0]LogStats: UGameplayTagsManager::ConstructGameplayTagTree: ImportINI -  0.000 s
[2018.09.10-11.02.28:798][  0]LogStats: UGameplayTagsManager::ConstructGameplayTagTree: GameplayTagTreeChangedEvent.Broadcast -  0.000 s
[2018.09.10-11.02.28:967][  0]LogWindows: Warning: CreateProc failed: The system cannot find the file specified. (0x00000002)
[2018.09.10-11.02.28:967][  0]LogWindows: Warning: URL: C:/Program Files/Git/bin/git.exe version
[2018.09.10-11.02.28:967][  0]LogWindows: Warning: CreateProc failed: The system cannot find the file specified. (0x00000002)
[2018.09.10-11.02.28:967][  0]LogWindows: Warning: URL: C:/Program Files (x86)/Git/bin/git.exe version
[2018.09.10-11.02.28:967][  0]LogWindows: Warning: CreateProc failed: The system cannot find the file specified. (0x00000002)
[2018.09.10-11.02.28:968][  0]LogWindows: Warning: URL: C:\Users\Steven\AppData\Local/Programs/Git/cmd/git.exe version
[2018.09.10-11.02.28:968][  0]LogWindows: Warning: CreateProc failed: The system cannot find the file specified. (0x00000002)
[2018.09.10-11.02.28:968][  0]LogWindows: Warning: URL: C:/Program Files (x86)/SmartGit/git/bin/git.exe version
[2018.09.10-11.02.28:968][  0]LogWindows: Warning: CreateProc failed: The system cannot find the file specified. (0x00000002)
[2018.09.10-11.02.28:968][  0]LogWindows: Warning: URL: C:/Program Files (x86)/SmartGit/bin/git.exe version
[2018.09.10-11.02.28:968][  0]LogWindows: Warning: CreateProc failed: The system cannot find the file specified. (0x00000002)
[2018.09.10-11.02.28:968][  0]LogWindows: Warning: URL: C:\Users\Steven\AppData\Local/Atlassian/SourceTree/git_local/bin/git.exe version
[2018.09.10-11.02.28:969][  0]LogWindows: Warning: CreateProc failed: The system cannot find the file specified. (0x00000002)
[2018.09.10-11.02.28:969][  0]LogWindows: Warning: URL: C:/Program Files (x86)/fournova/Tower/vendor/Git/bin/git.exe version
[2018.09.10-11.02.28:969][  0]Cmd: MAP LOAD FILE="../../../../../../coded projects/HoopballFinal/Content/Map/Main/mainmenu.umap" TEMPLATE=0 SHOWPROGRESS=1 FEATURELEVEL=3
[2018.09.10-11.02.29:004][  0]LightingResults: New page: Lighting Build
[2018.09.10-11.02.29:007][  0]MapCheck: New page: Map Check
[2018.09.10-11.02.29:007][  0]LightingResults: New page: Lighting Build
[2018.09.10-11.02.29:768][  0]LogFileCache: Scanning file cache for directory 'L:/coded projects/HoopballFinal/Content/' took 0.34s
[2018.09.10-11.02.36:567][  0]LogAIModule: Creating AISystem for world mainmenu
[2018.09.10-11.02.36:572][  0]LogEditorServer: Finished looking for orphan Actors (0.000 secs)
[2018.09.10-11.02.36:614][  0]Cmd: MAP CHECKDEP NOCLEARLOG
[2018.09.10-11.02.36:705][  0]MapCheck: Map check complete: 0 Error(s), 0 Warning(s), took 90.48ms to complete.
[2018.09.10-11.02.36:705][  0]LogFileHelpers: Loading map 'mainmenu' took 7.736
[2018.09.10-11.02.36:850][  0]LogSlate: Updating window title bar state: overlay mode, drag disabled, window buttons hidden, title bar hidden
[2018.09.10-11.02.36:863][  0]LogSlate: Updating window title bar state: overlay mode, drag disabled, window buttons hidden, title bar hidden
[2018.09.10-11.02.36:875][  0]LogSlate: Updating window title bar state: overlay mode, drag disabled, window buttons hidden, title bar hidden
[2018.09.10-11.02.36:885][  0]LogSlate: Updating window title bar state: overlay mode, drag disabled, window buttons hidden, title bar hidden
[2018.09.10-11.02.38:743][  0]LogSlate: Only BGRA pngs, bmps or icos are supported in by External Image Picker
[2018.09.10-11.02.38:797][  0]LogCollectionManager: Loaded 0 collections in 0.001662 seconds
[2018.09.10-11.02.38:852][  0]LogFileCache: Scanning file cache for directory 'L:/coded projects/HoopballFinal/Saved/Collections/' took 0.01s
[2018.09.10-11.02.38:852][  0]LogTemp: Executing iPhonePackager certificates Engine -bundlename com.YourCompany.HoopBallFinal
[2018.09.10-11.02.38:852][  0]LogTemp: CWD: L:\Program Files\Epic Games\UE_4.20\Engine\Binaries\DotNET\IOS
[2018.09.10-11.02.38:852][  0]LogTemp: Initial Dir: L:\Program Files\Epic Games\UE_4.20
[2018.09.10-11.02.38:852][  0]LogTemp: Env CWD: L:\Program Files\Epic Games\UE_4.20\Engine\Binaries\DotNET\IOS
[2018.09.10-11.02.38:852][  0]LogFileCache: Scanning file cache for directory 'L:/coded projects/HoopballFinal/Content/Developers/Steven/Collections/' took 0.01s
[2018.09.10-11.02.38:852][  0]LogTemp: BranchPath = STEVEN-PC/L/Program Files/Epic Games/UE_4.20/Engine/Binaries --- GameBranchPath = STEVEN-PC/L/Program Files/Epic Games/UE_4.20/Engine/Binaries
[2018.09.10-11.02.38:852][  0]LogFileCache: Scanning file cache for directory 'L:/coded projects/HoopballFinal/Content/Collections/' took 0.01s
[2018.09.10-11.02.38:852][  0]LogTemp: IPP ERROR: Could not find provision directory 'C:\Users\Steven\AppData\Local/Apple Computer/MobileDevice/Provisioning Profiles/'.
[2018.09.10-11.02.38:852][  0]LogCollectionManager: Rebuilt the GUID cache for 0 collections in 0.000001 seconds
[2018.09.10-11.02.38:868][  0]LogContentBrowser: Native class hierarchy populated in 0.0158 seconds. Added 2599 classes and 622 folders.
[2018.09.10-11.02.38:876][  0]LogContentBrowser: Native class hierarchy updated for 'WidgetCarousel' in 0.0003 seconds. Added 0 classes and 0 folders.
[2018.09.10-11.02.38:930][  0]LogContentBrowser: Native class hierarchy updated for 'AddContentDialog' in 0.0004 seconds. Added 0 classes and 0 folders.
[2018.09.10-11.02.38:940][  0]LogSlate: Took 0.000243 seconds to synchronously load lazily loaded font '../../../Engine/Content/Slate/Fonts/Roboto-Regular.ttf' (155K)
[2018.09.10-11.02.38:944][  0]LogSlate: Took 0.000380 seconds to synchronously load lazily loaded font '../../../Engine/Content/Slate/Fonts/Roboto-Bold.ttf' (160K)
[2018.09.10-11.02.39:159][  0]LogRenderer: Reallocating scene render targets to support 1616x1284 Format 10 NumSamples 1 (Frame:1).
[2018.09.10-11.02.39:729][  0]LogContentBrowser: Native class hierarchy updated for 'HierarchicalLODOutliner' in 0.0004 seconds. Added 0 classes and 0 folders.
[2018.09.10-11.02.39:729][  0]LogLoad: (Engine Initialization) Total time: 26.54 seconds
[2018.09.10-11.02.39:729][  0]LogLoad: (Engine Initialization) Total Blueprint compile time: 0.00 seconds
[2018.09.10-11.02.39:785][  0]LogContentStreaming: Texture pool size now 1000 MB
[2018.09.10-11.02.48:462][647]LogSlate: FSceneViewport::OnFocusLost() reason 0
[2018.09.10-11.02.48:687][662]LogAssetRegistry: Asset discovery search completed in 29.8185 seconds
[2018.09.10-11.02.48:690][662]LogCollectionManager: Rebuilt the object cache for 0 collections in 0.000001 seconds (found 0 objects)
[2018.09.10-11.02.48:690][662]LogCollectionManager: Fixed up redirectors for 0 collections in 0.000123 seconds (updated 0 objects)
[2018.09.10-11.02.50:672][891]LogFileCache: Retrieving MD5 hashes for directory 'L:/coded projects/HoopballFinal/Content/' took 10.92s
[2018.09.10-11.04.54:971][775]LogSlate: Only BGRA pngs, bmps or icos are supported in by External Image Picker
[2018.09.10-11.04.55:196][776]LogTemp: Executing iPhonePackager certificates Engine -bundlename com.YourCompany.HoopBallFinal
[2018.09.10-11.04.55:196][776]LogTemp: CWD: L:\Program Files\Epic Games\UE_4.20\Engine\Binaries\DotNET\IOS
[2018.09.10-11.04.55:196][776]LogTemp: Initial Dir: L:\Program Files\Epic Games\UE_4.20
[2018.09.10-11.04.55:196][776]LogTemp: Env CWD: L:\Program Files\Epic Games\UE_4.20\Engine\Binaries\DotNET\IOS
[2018.09.10-11.04.55:196][776]LogTemp: BranchPath = STEVEN-PC/L/Program Files/Epic Games/UE_4.20/Engine/Binaries --- GameBranchPath = STEVEN-PC/L/Program Files/Epic Games/UE_4.20/Engine/Binaries
[2018.09.10-11.04.55:196][776]LogTemp: IPP ERROR: Could not find provision directory 'C:\Users\Steven\AppData\Local/Apple Computer/MobileDevice/Provisioning Profiles/'.
[2018.09.10-11.07.24:650][929]LogSlate: Only BGRA pngs, bmps or icos are supported in by External Image Picker
[2018.09.10-11.07.24:762][930]LogTemp: Executing iPhonePackager certificates Engine -bundlename com.YourCompany.HoopBallFinal
[2018.09.10-11.07.24:762][930]LogTemp: CWD: L:\Program Files\Epic Games\UE_4.20\Engine\Binaries\DotNET\IOS
[2018.09.10-11.07.24:762][930]LogTemp: Initial Dir: L:\Program Files\Epic Games\UE_4.20
[2018.09.10-11.07.24:762][930]LogTemp: Env CWD: L:\Program Files\Epic Games\UE_4.20\Engine\Binaries\DotNET\IOS
[2018.09.10-11.07.24:762][930]LogTemp: BranchPath = STEVEN-PC/L/Program Files/Epic Games/UE_4.20/Engine/Binaries --- GameBranchPath = STEVEN-PC/L/Program Files/Epic Games/UE_4.20/Engine/Binaries
[2018.09.10-11.07.24:762][930]LogTemp: IPP ERROR: Could not find provision directory 'C:\Users\Steven\AppData\Local/Apple Computer/MobileDevice/Provisioning Profiles/'.
[2018.09.10-11.08.46:589][439]LogWindows: Warning: CreateProc failed: The system cannot find the file specified. (0x00000002)
[2018.09.10-11.08.46:589][439]LogWindows: Warning: URL: L:/Program Files/Epic Games/UE_4.20/Engine/Binaries/Win64/ version
[2018.09.10-11.09.02:150][598]LogSlate: Window 'Source Control Login' being destroyed
[2018.09.10-11.09.05:797][971]SourceControl: fatal: L:/Program Files/Epic Games/UE_4.20/Engine/Content: 'L:/Program Files/Epic Games/UE_4.20/Engine/Content' is outside repository
[2018.09.10-11.09.06:024][971]LogPackageName: Error: Illegal call to DoesPackageExist: '../../../../../../coded projects/HoopballFinal/HoopBallFinal.uproject' is not a standard unreal filename or a long path name. Reason: Path should be no less than 4 characters long.
[2018.09.10-11.09.08:287][971]LogStats: FPlatformStackWalk::StackWalkAndDump -  2.255 s
[2018.09.10-11.09.08:287][971]LogOutputDevice: Error: === Handled ensure: ===
[2018.09.10-11.09.08:287][971]LogOutputDevice: Error: 
[2018.09.10-11.09.08:287][971]LogOutputDevice: Error: Ensure condition failed: false [File:D:\Build\++UE4\Sync\Engine\Source\Runtime\CoreUObject\Private\Misc\PackageName.cpp] [Line: 822]
[2018.09.10-11.09.08:288][971]LogOutputDevice: Error: Illegal call to DoesPackageExist: '../../../../../../coded projects/HoopballFinal/HoopBallFinal.uproject' is not a standard unreal filename or a long path name. Reason: Path should be no less than 4 characters long.
[2018.09.10-11.09.08:288][971]LogOutputDevice: Error: Stack: 
[2018.09.10-11.09.08:288][971]LogOutputDevice: Error: [Callstack] 0x000007fecd3c71e6 UE4Editor-Core.dll!UnknownFunction []
[2018.09.10-11.09.08:288][971]LogOutputDevice: Error: [Callstack] 0x000007fecd100c82 UE4Editor-Core.dll!UnknownFunction []
[2018.09.10-11.09.08:288][971]LogOutputDevice: Error: [Callstack] 0x000007fecd11b346 UE4Editor-Core.dll!UnknownFunction []
[2018.09.10-11.09.08:288][971]LogOutputDevice: Error: [Callstack] 0x000007fecc8f4857 UE4Editor-CoreUObject.dll!UnknownFunction []
[2018.09.10-11.09.08:288][971]LogOutputDevice: Error: [Callstack] 0x000007fec2c381a5 UE4Editor-SourceControl.dll!UnknownFunction []
[2018.09.10-11.09.08:288][971]LogOutputDevice: Error: [Callstack] 0x000007fec2c38339 UE4Editor-SourceControl.dll!UnknownFunction []
[2018.09.10-11.09.08:288][971]LogOutputDevice: Error: [Callstack] 0x000007fec10b4e8d UE4Editor-SourceControlWindows.dll!UnknownFunction []
[2018.09.10-11.09.08:288][971]LogOutputDevice: Error: [Callstack] 0x000007fec106804e UE4Editor-SourceControlWindows.dll!UnknownFunction []
[2018.09.10-11.09.08:288][971]LogOutputDevice: Error: [Callstack] 0x000007fec10675df UE4Editor-SourceControlWindows.dll!UnknownFunction []
[2018.09.10-11.09.08:288][971]LogOutputDevice: Error: [Callstack] 0x000007fec1081f71 UE4Editor-SourceControlWindows.dll!UnknownFunction []
[2018.09.10-11.09.08:288][971]LogOutputDevice: Error: [Callstack] 0x000007feb610f32c UE4Editor-GitSourceControl.dll!UnknownFunction []
[2018.09.10-11.09.08:288][971]LogOutputDevice: Error: [Callstack] 0x000007feb6114e51 UE4Editor-GitSourceControl.dll!UnknownFunction []
[2018.09.10-11.09.08:288][971]LogOutputDevice: Error: [Callstack] 0x000007fec2c3e737 UE4Editor-SourceControl.dll!UnknownFunction []
[2018.09.10-11.09.08:288][971]LogOutputDevice: Error: [Callstack] 0x000007fec5dc7aee UE4Editor-UnrealEd.dll!UnknownFunction []
[2018.09.10-11.09.08:288][971]LogOutputDevice: Error: [Callstack] 0x000007fec66bf646 UE4Editor-UnrealEd.dll!UnknownFunction []
[2018.09.10-11.09.08:288][971]LogOutputDevice: Error: [Callstack] 0x000000013f495cbd UE4Editor.exe!UnknownFunction []
[2018.09.10-11.09.08:288][971]LogOutputDevice: Error: [Callstack] 0x000000013f4a5b3c UE4Editor.exe!UnknownFunction []
[2018.09.10-11.09.08:288][971]LogOutputDevice: Error: [Callstack] 0x000000013f4a5bba UE4Editor.exe!UnknownFunction []
[2018.09.10-11.09.08:288][971]LogOutputDevice: Error: [Callstack] 0x000000013f4b3dac UE4Editor.exe!UnknownFunction []
[2018.09.10-11.09.08:288][971]LogOutputDevice: Error: [Callstack] 0x000000013f4b5aaa UE4Editor.exe!UnknownFunction []
[2018.09.10-11.09.08:288][971]LogOutputDevice: Error: [Callstack] 0x00000000775259cd kernel32.dll!UnknownFunction []
[2018.09.10-11.09.08:288][971]LogOutputDevice: Error: [Callstack] 0x000000007765a561 ntdll.dll!UnknownFunction []
[2018.09.10-11.09.08:288][971]LogOutputDevice: Error: 
[2018.09.10-11.09.08:317][971]LogStats:                SubmitErrorReport -  0.020 s
[2018.09.10-11.09.19:248][971]LogStats:                    SendNewReport - 10.931 s
[2018.09.10-11.09.19:248][971]LogStats:             FDebug::EnsureFailed - 13.221 s
[2018.09.10-11.09.24:708][971]LogSlate: Window 'Submit Files' being destroyed
[2018.09.10-11.09.25:082][971]LogSourceControl: commit successful: [master 24b0ccc] update
[2018.09.10-11.09.25:162][971]SourceControl: Error: warning: CRLF will be replaced by LF in Config/DefaultEngine.ini.
[2018.09.10-11.09.25:162][971]SourceControl: Error: The file will have its original line endings in your working directory.
[2018.09.10-11.09.25:162][971]SourceControl: Error: warning: CRLF will be replaced by LF in Config/DefaultGame.ini.
[2018.09.10-11.09.25:162][971]SourceControl: Error: The file will have its original line endings in your working directory.
[2018.09.10-11.09.25:162][971]SourceControl: Error: warning: CRLF will be replaced by LF in HoopBallFinal.uproject.
[2018.09.10-11.09.25:162][971]SourceControl: Error: The file will have its original line endings in your working directory.
[2018.09.10-11.09.25:162][971]SourceControl: Error: warning: CRLF will be replaced by LF in Config/DefaultEngine.ini.
[2018.09.10-11.09.25:162][971]SourceControl: Error: The file will have its original line endings in your working directory.
[2018.09.10-11.09.25:162][971]SourceControl: Error: warning: CRLF will be replaced by LF in Config/DefaultGame.ini.
[2018.09.10-11.09.25:162][971]SourceControl: Error: The file will have its original line endings in your working directory.
[2018.09.10-11.09.25:162][971]SourceControl: Error: warning: CRLF will be replaced by LF in HoopBallFinal.uproject.
[2018.09.10-11.09.25:162][971]SourceControl: Error: The file will have its original line endings in your working directory.
[2018.09.10-11.09.25:162][971]SourceControl: Error: warning: CRLF will be replaced by LF in Config/DefaultEngine.ini.
[2018.09.10-11.09.25:162][971]SourceControl: Error: The file will have its original line endings in your working directory.
[2018.09.10-11.09.25:162][971]SourceControl: Error: warning: CRLF will be replaced by LF in Config/DefaultGame.ini.
[2018.09.10-11.09.25:162][971]SourceControl: Error: The file will have its original line endings in your working directory.
[2018.09.10-11.09.25:162][971]SourceControl: Error: warning: CRLF will be replaced by LF in HoopBallFinal.uproject.
[2018.09.10-11.09.25:162][971]SourceControl: Error: The file will have its original line endings in your working directory.
[2018.09.10-11.09.25:162][971]SourceControl: Error: warning: CRLF will be replaced by LF in Config/DefaultEngine.ini.
[2018.09.10-11.09.25:162][971]SourceControl: Error: The file will have its original line endings in your working directory.
[2018.09.10-11.09.25:162][971]SourceControl: Error: warning: CRLF will be replaced by LF in Config/DefaultGame.ini.
[2018.09.10-11.09.25:163][971]SourceControl: Error: The file will have its original line endings in your working directory.
[2018.09.10-11.09.25:163][971]SourceControl: Error: warning: CRLF will be replaced by LF in HoopBallFinal.uproject.
[2018.09.10-11.09.25:163][971]SourceControl: Error: The file will have its original line endings in your working directory.
[2018.09.10-11.09.25:163][971]SourceControl: [master 24b0ccc] update
[2018.09.10-11.09.25:163][971]SourceControl:  3 files changed, 19 insertions(+), 15 deletions(-)
[2018.09.10-11.09.25:181][971]SourceControl: Commited [master 24b0ccc] update.
[2018.09.10-11.14.17:965][209]LogSlate: Window 'HoopBallFinal - Unreal Editor' being destroyed
[2018.09.10-11.14.18:188][210]Cmd: QUIT_EDITOR
[2018.09.10-11.14.18:236][210]LogExit: Preparing to exit.
[2018.09.10-11.14.19:705][210]LogExit: Editor shut down
[2018.09.10-11.14.19:705][210]LogExit: Transaction tracking system shut down
[2018.09.10-11.14.22:846][210]LogExit: Object subsystem successfully closed.
[2018.09.10-11.14.23:017][210]LogShaderCompilers: Display: Shaders left to compile 0
[2018.09.10-11.14.23:057][210]LogD3D11RHI: Shutdown
[2018.09.10-11.14.23:057][210]LogD3D11RHI: CleanupD3DDevice
[2018.09.10-11.14.23:120][210]LogD3D11RHI: ~FD3D11DynamicRHI
[2018.09.10-11.14.25:321][210]LogModuleManager: Shutting down and abandoning module HierarchicalLODOutliner (618)
[2018.09.10-11.14.25:322][210]LogModuleManager: Shutting down and abandoning module AddContentDialog (616)
[2018.09.10-11.14.25:359][210]LogModuleManager: Shutting down and abandoning module WidgetCarousel (615)
[2018.09.10-11.14.25:359][210]LogModuleManager: Shutting down and abandoning module EditorWidgets (612)
[2018.09.10-11.14.25:359][210]LogModuleManager: Shutting down and abandoning module CollectionManager (610)
[2018.09.10-11.14.25:389][210]LogModuleManager: Shutting down and abandoning module ExternalImagePicker (608)
[2018.09.10-11.14.25:389][210]LogModuleManager: Shutting down and abandoning module SceneOutliner (606)
[2018.09.10-11.14.25:417][210]LogModuleManager: Shutting down and abandoning module StatsViewer (604)
[2018.09.10-11.14.25:425][210]LogModuleManager: Shutting down and abandoning module FoliageEdit (602)
[2018.09.10-11.14.25:443][210]LogModuleManager: Shutting down and abandoning module LandscapeEditor (600)
[2018.09.10-11.14.25:477][210]LogModuleManager: Shutting down and abandoning module MeshPaintMode (598)
[2018.09.10-11.14.25:491][210]LogModuleManager: Shutting down and abandoning module SceneDepthPickerMode (596)
[2018.09.10-11.14.25:491][210]LogModuleManager: Shutting down and abandoning module ActorPickerMode (594)
[2018.09.10-11.14.25:491][210]LogModuleManager: Shutting down and abandoning module GeometryMode (592)
[2018.09.10-11.14.25:491][210]LogModuleManager: Shutting down and abandoning module TextureAlignMode (590)
[2018.09.10-11.14.25:491][210]LogModuleManager: Shutting down and abandoning module BspMode (588)
[2018.09.10-11.14.25:491][210]LogModuleManager: Shutting down and abandoning module PIEPreviewDeviceProfileSelector (586)
[2018.09.10-11.14.25:510][210]LogModuleManager: Shutting down and abandoning module SequenceRecorderSections (584)
[2018.09.10-11.14.25:510][210]LogModuleManager: Shutting down and abandoning module AutomationWorker (582)
[2018.09.10-11.14.25:510][210]LogModuleManager: Shutting down and abandoning module AudioCaptureEditor (580)
[2018.09.10-11.14.25:510][210]LogModuleManager: Shutting down and abandoning module SequenceRecorder (579)
[2018.09.10-11.14.25:524][210]LogModuleManager: Shutting down and abandoning module MatineeToLevelSequence (576)
[2018.09.10-11.14.25:536][210]LogModuleManager: Shutting down and abandoning module LevelSequenceEditor (574)
[2018.09.10-11.14.25:560][210]LogModuleManager: Shutting down and abandoning module PlacementMode (573)
[2018.09.10-11.14.25:560][210]LogModuleManager: Shutting down and abandoning module MaterialEditor (572)
[2018.09.10-11.14.25:608][210]LogModuleManager: Shutting down and abandoning module WmfMediaFactory (568)
[2018.09.10-11.14.25:608][210]LogModuleManager: Shutting down and abandoning module WmfMediaEditor (566)
[2018.09.10-11.14.25:608][210]LogModuleManager: Shutting down and abandoning module MediaPlayerEditor (564)
[2018.09.10-11.14.25:636][210]LogModuleManager: Shutting down and abandoning module OpenExrWrapper (562)
[2018.09.10-11.14.25:636][210]LogModuleManager: Shutting down and abandoning module ImgMediaFactory (560)
[2018.09.10-11.14.25:636][210]LogModuleManager: Shutting down and abandoning module ImgMediaEditor (558)
[2018.09.10-11.14.25:636][210]LogModuleManager: Shutting down and abandoning module AvfMediaFactory (556)
[2018.09.10-11.14.25:636][210]LogModuleManager: Shutting down and abandoning module AvfMediaEditor (554)
[2018.09.10-11.14.25:636][210]LogModuleManager: Shutting down and abandoning module AndroidMediaFactory (552)
[2018.09.10-11.14.25:636][210]LogModuleManager: Shutting down and abandoning module AndroidMediaEditor (550)
[2018.09.10-11.14.25:636][210]LogModuleManager: Shutting down and abandoning module MagicLeapCameraPreviewFactory (548)
[2018.09.10-11.14.25:636][210]LogModuleManager: Shutting down and abandoning module MagicLeapMediaFactory (546)
[2018.09.10-11.14.25:636][210]LogModuleManager: Shutting down and abandoning module MagicLeapMediaEditor (544)
[2018.09.10-11.14.25:636][210]LogModuleManager: Shutting down and abandoning module CharacterAI (542)
[2018.09.10-11.14.25:636][210]LogModuleManager: Shutting down and abandoning module SmartSnapping (540)
[2018.09.10-11.14.25:636][210]LogModuleManager: Shutting down and abandoning module SessionServices (538)
[2018.09.10-11.14.25:636][210]LogModuleManager: Shutting down and abandoning module ViewportSnapping (536)
[2018.09.10-11.14.25:636][210]LogModuleManager: Shutting down and abandoning module ViewportInteraction (534)
[2018.09.10-11.14.25:636][210]LogModuleManager: Shutting down and abandoning module ClothPainter (532)
[2018.09.10-11.14.25:667][210]LogModuleManager: Shutting down and abandoning module SkeletalMeshEditor (531)
[2018.09.10-11.14.25:699][210]LogModuleManager: Shutting down and abandoning module LogVisualizer (528)
[2018.09.10-11.14.25:724][210]LogModuleManager: Shutting down and abandoning module IntroTutorials (526)
[2018.09.10-11.14.25:743][210]LogModuleManager: Shutting down and abandoning module GameProjectGeneration (525)
[2018.09.10-11.14.25:743][210]LogModuleManager: Shutting down and abandoning module LuminPlatformEditor (522)
[2018.09.10-11.14.25:743][210]LogModuleManager: Shutting down and abandoning module IOSPlatformEditor (520)
[2018.09.10-11.14.25:743][210]LogModuleManager: Shutting down and abandoning module HTML5PlatformEditor (518)
[2018.09.10-11.14.25:743][210]LogModuleManager: Shutting down and abandoning module AndroidPlatformEditor (516)
[2018.09.10-11.14.25:743][210]LogModuleManager: Shutting down and abandoning module AndroidDeviceDetection (515)
[2018.09.10-11.14.27:186][210]LogModuleManager: Shutting down and abandoning module WindowsPlatformEditor (512)
[2018.09.10-11.14.27:186][210]LogModuleManager: Shutting down and abandoning module LuminRuntimeSettings (510)
[2018.09.10-11.14.27:186][210]LogModuleManager: Shutting down and abandoning module IOSRuntimeSettings (508)
[2018.09.10-11.14.27:186][210]LogModuleManager: Shutting down and abandoning module AndroidRuntimeSettings (506)
[2018.09.10-11.14.27:186][210]LogModuleManager: Shutting down and abandoning module InputBindingEditor (504)
[2018.09.10-11.14.27:186][210]LogModuleManager: Shutting down and abandoning module MergeActors (502)
[2018.09.10-11.14.27:186][210]LogModuleManager: Shutting down and abandoning module LocalizationDashboard (500)
[2018.09.10-11.14.27:186][210]LogModuleManager: Shutting down and abandoning module LocalizationService (499)
[2018.09.10-11.14.27:186][210]LogModuleManager: Shutting down and abandoning module HardwareTargeting (496)
[2018.09.10-11.14.27:186][210]LogModuleManager: Shutting down and abandoning module DeviceProfileEditor (494)
[2018.09.10-11.14.27:187][210]LogModuleManager: Shutting down and abandoning module UndoHistory (492)
[2018.09.10-11.14.27:187][210]LogModuleManager: Shutting down and abandoning module XmlParser (490)
[2018.09.10-11.14.27:187][210]LogModuleManager: Shutting down and abandoning module Blutility (488)
[2018.09.10-11.14.27:187][210]LogModuleManager: Shutting down and abandoning module ProjectSettingsViewer (486)
[2018.09.10-11.14.27:187][210]LogModuleManager: Shutting down and abandoning module ProjectTargetPlatformEditor (485)
[2018.09.10-11.14.27:187][210]LogModuleManager: Shutting down and abandoning module EditorSettingsViewer (482)
[2018.09.10-11.14.27:187][210]LogModuleManager: Shutting down and abandoning module SettingsEditor (480)
[2018.09.10-11.14.27:187][210]LogModuleManager: Shutting down and abandoning module ProjectLauncher (478)
[2018.09.10-11.14.27:187][210]LogModuleManager: Shutting down and abandoning module SessionFrontend (476)
[2018.09.10-11.14.27:187][210]LogModuleManager: Shutting down and abandoning module ProfilerClient (474)
[2018.09.10-11.14.27:187][210]LogModuleManager: Shutting down and abandoning module DeviceManager (472)
[2018.09.10-11.14.27:187][210]LogModuleManager: Shutting down and abandoning module TargetDeviceServices (471)
[2018.09.10-11.14.27:237][210]LogModuleManager: Shutting down and abandoning module AutomationController (468)
[2018.09.10-11.14.27:237][210]LogModuleManager: Shutting down and abandoning module AutomationWindow (466)
[2018.09.10-11.14.27:237][210]LogModuleManager: Shutting down and abandoning module Layers (464)
[2018.09.10-11.14.27:237][210]LogModuleManager: Shutting down and abandoning module ComponentVisualizers (462)
[2018.09.10-11.14.27:237][210]LogModuleManager: Shutting down and abandoning module DetailCustomizations (460)
[2018.09.10-11.14.27:237][210]LogModuleManager: Shutting down and abandoning module PackagesDialog (458)
[2018.09.10-11.14.27:238][210]LogModuleManager: Shutting down and abandoning module Persona (456)
[2018.09.10-11.14.27:238][210]LogModuleManager: Shutting down and abandoning module AdvancedPreviewScene (455)
[2018.09.10-11.14.27:238][210]LogModuleManager: Shutting down and abandoning module AnimGraph (453)
[2018.09.10-11.14.27:238][210]LogModuleManager: Shutting down and abandoning module Kismet (450)
[2018.09.10-11.14.27:239][210]LogModuleManager: Shutting down and abandoning module GraphEditor (448)
[2018.09.10-11.14.27:239][210]LogModuleManager: Shutting down and abandoning module ClassViewer (446)
[2018.09.10-11.14.27:239][210]LogModuleManager: Shutting down and abandoning module Toolbox (444)
[2018.09.10-11.14.27:239][210]LogModuleManager: Shutting down and abandoning module ModuleUI (442)
[2018.09.10-11.14.27:239][210]LogModuleManager: Shutting down and abandoning module MovieSceneTools (440)
[2018.09.10-11.14.27:239][210]LogModuleManager: Shutting down and abandoning module OutputLog (438)
[2018.09.10-11.14.27:239][210]LogModuleManager: Shutting down and abandoning module GammaUI (436)
[2018.09.10-11.14.27:239][210]LogModuleManager: Shutting down and abandoning module Documentation (434)
[2018.09.10-11.14.27:239][210]LogModuleManager: Shutting down and abandoning module MovieSceneTracks (432)
[2018.09.10-11.14.27:239][210]LogModuleManager: Shutting down and abandoning module MovieScene (430)
[2018.09.10-11.14.27:239][210]LogModuleManager: Shutting down and abandoning module StreamingPauseRendering (428)
[2018.09.10-11.14.27:239][210]LogModuleManager: Shutting down and abandoning module LauncherPlatform (426)
[2018.09.10-11.14.27:239][210]LogModuleManager: Shutting down and abandoning module AnalyticsET (424)
[2018.09.10-11.14.27:239][210]LogModuleManager: Shutting down and abandoning module PortalServices (422)
[2018.09.10-11.14.27:239][210]LogModuleManager: Shutting down and abandoning module PortalRpc (420)
[2018.09.10-11.14.27:239][210]LogModuleManager: Shutting down and abandoning module MessagingRpc (418)
[2018.09.10-11.14.27:239][210]LogModuleManager: Shutting down and abandoning module AIModule (416)
[2018.09.10-11.14.27:239][210]LogModuleManager: Shutting down and abandoning module GameplayDebugger (415)
[2018.09.10-11.14.27:239][210]LogModuleManager: Shutting down and abandoning module AITestSuite (413)
[2018.09.10-11.14.27:239][210]LogModuleManager: Shutting down and abandoning module NavigationSystem (411)
[2018.09.10-11.14.27:239][210]LogModuleManager: Shutting down and abandoning module DesktopPlatform (408)
[2018.09.10-11.14.27:240][210]LogModuleManager: Shutting down and abandoning module ProfilerService (406)
[2018.09.10-11.14.27:464][210]LogModuleManager: Shutting down and abandoning module TaskGraph (404)
[2018.09.10-11.14.27:465][210]LogModuleManager: Shutting down and abandoning module SteamVRController (402)
[2018.09.10-11.14.27:465][210]LogModuleManager: Shutting down and abandoning module ProceduralMeshComponentEditor (400)
[2018.09.10-11.14.27:465][210]LogModuleManager: Shutting down and abandoning module ProceduralMeshComponent (398)
[2018.09.10-11.14.27:479][210]LogModuleManager: Shutting down and abandoning module OculusInput (396)
[2018.09.10-11.14.27:479][210]LogModuleManager: Shutting down and abandoning module MobilePatchingUtils (394)
[2018.09.10-11.14.27:479][210]LogModuleManager: Shutting down and abandoning module EditableMesh (392)
[2018.09.10-11.14.27:496][210]LogModuleManager: Shutting down and abandoning module CustomMeshComponent (390)
[2018.09.10-11.14.27:496][210]LogModuleManager: Shutting down and abandoning module CableComponent (388)
[2018.09.10-11.14.27:496][210]LogModuleManager: Shutting down and abandoning module AudioCapture (386)
[2018.09.10-11.14.27:496][210]LogModuleManager: Shutting down and abandoning module ArchVisCharacter (384)
[2018.09.10-11.14.27:496][210]LogModuleManager: Shutting down and abandoning module AndroidPermission (382)
[2018.09.10-11.14.27:496][210]LogModuleManager: Shutting down and abandoning module NUTUnrealEngine4 (380)
[2018.09.10-11.14.27:496][210]LogModuleManager: Shutting down and abandoning module NetcodeUnitTest (378)
[2018.09.10-11.14.27:523][210]LogModuleManager: Shutting down and abandoning module MediaCompositingEditor (376)
[2018.09.10-11.14.27:523][210]LogModuleManager: Shutting down and abandoning module MediaCompositing (374)
[2018.09.10-11.14.27:523][210]LogModuleManager: Shutting down and abandoning module LinearTimecode (372)
[2018.09.10-11.14.27:523][210]LogModuleManager: Shutting down and abandoning module ImgMedia (370)
[2018.09.10-11.14.27:541][210]LogModuleManager: Shutting down and abandoning module UniversalMobileAds (368)
[2018.09.10-11.14.27:541][210]LogModuleManager: Shutting down and abandoning module gameDNAinstaller (366)
[2018.09.10-11.14.27:542][210]LogGameDNAinstaller: Display: gameDNA installer module shutdown
[2018.09.10-11.14.27:570][210]LogModuleManager: Shutting down and abandoning module HTML5Networking (364)
[2018.09.10-11.14.27:570][210]LogModuleManager: Shutting down and abandoning module GeometryCacheTracks (362)
[2018.09.10-11.14.27:570][210]LogModuleManager: Shutting down and abandoning module GeometryCacheSequencer (360)
[2018.09.10-11.14.27:570][210]LogModuleManager: Shutting down and abandoning module BackChannel (358)
[2018.09.10-11.14.27:595][210]LogModuleManager: Shutting down and abandoning module AppleVision (356)
[2018.09.10-11.14.27:595][210]LogModuleManager: Shutting down and abandoning module AppleImageUtils (354)
[2018.09.10-11.14.27:595][210]LogModuleManager: Shutting down and abandoning module AlembicImporter (352)
[2018.09.10-11.14.27:595][210]LogModuleManager: Shutting down and abandoning module AlembicLibrary (351)
[2018.09.10-11.14.27:595][210]LogModuleManager: Shutting down and abandoning module GeometryCache (350)
[2018.09.10-11.14.27:595][210]LogModuleManager: Shutting down and abandoning module GeometryCacheEd (349)
[2018.09.10-11.14.27:595][210]LogModuleManager: Shutting down and abandoning module DatasmithContentEditor (344)
[2018.09.10-11.14.27:595][210]LogModuleManager: Shutting down and abandoning module DatasmithContent (342)
[2018.09.10-11.14.27:596][210]LogModuleManager: Shutting down and abandoning module SpeedTreeImporter (340)
[2018.09.10-11.14.27:596][210]LogModuleManager: Shutting down and abandoning module PluginBrowser (338)
[2018.09.10-11.14.27:628][210]LogModuleManager: Shutting down and abandoning module MobileLauncherProfileWizard (336)
[2018.09.10-11.14.27:648][210]LogModuleManager: Shutting down and abandoning module PolygonModeling (334)
[2018.09.10-11.14.27:648][210]LogModuleManager: Shutting down and abandoning module MeshEditor (332)
[2018.09.10-11.14.27:668][210]LogModuleManager: Shutting down and abandoning module CryptoKeysOpenSSL (330)
[2018.09.10-11.14.27:679][210]LogModuleManager: Shutting down and abandoning module CryptoKeys (328)
[2018.09.10-11.14.27:679][210]LogModuleManager: Shutting down and abandoning module VisualStudioSourceCodeAccess (326)
[2018.09.10-11.14.27:679][210]LogModuleManager: Shutting down and abandoning module VisualStudioCodeSourceCodeAccess (324)
[2018.09.10-11.14.27:679][210]LogModuleManager: Shutting down and abandoning module UObjectPlugin (322)
[2018.09.10-11.14.27:679][210]LogModuleManager: Shutting down and abandoning module SubversionSourceControl (320)
[2018.09.10-11.14.27:689][210]LogModuleManager: Shutting down and abandoning module PerforceSourceControl (318)
[2018.09.10-11.14.27:713][210]LogModuleManager: Shutting down and abandoning module GitSourceControl (316)
[2018.09.10-11.14.27:713][210]LogModuleManager: Shutting down and abandoning module SourceControl (315)
[2018.09.10-11.14.27:713][210]LogModuleManager: Shutting down and abandoning module CLionSourceCodeAccess (312)
[2018.09.10-11.14.27:713][210]LogModuleManager: Shutting down and abandoning module LightPropagationVolumeEditor (310)
[2018.09.10-11.14.27:713][210]LogModuleManager: Shutting down and abandoning module PaperTiledImporter (308)
[2018.09.10-11.14.27:713][210]LogModuleManager: Shutting down and abandoning module PaperSpriteSheetImporter (306)
[2018.09.10-11.14.27:713][210]LogModuleManager: Shutting down and abandoning module Paper2DEditor (304)
[2018.09.10-11.14.27:721][210]LogModuleManager: Shutting down and abandoning module MeshPaint (303)
[2018.09.10-11.14.27:738][210]LogModuleManager: Shutting down and abandoning module RuntimePhysXCooking (300)
[2018.09.10-11.14.27:738][210]LogModuleManager: Shutting down and abandoning module PhysXVehiclesEditor (298)
[2018.09.10-11.14.27:738][210]LogModuleManager: Shutting down and abandoning module PhysXVehicles (296)
[2018.09.10-11.14.27:738][210]LogModuleManager: Shutting down and abandoning module OculusEditor (294)
[2018.09.10-11.14.27:764][210]LogModuleManager: Shutting down and abandoning module LocationServicesBPLibrary (292)
[2018.09.10-11.14.27:764][210]LogModuleManager: Shutting down and abandoning module ImmediatePhysicsEditor (290)
[2018.09.10-11.14.27:764][210]LogModuleManager: Shutting down and abandoning module ImmediatePhysics (288)
[2018.09.10-11.14.27:782][210]LogModuleManager: Shutting down and abandoning module ActorSequence (286)
[2018.09.10-11.14.27:782][210]LogModuleManager: Shutting down and abandoning module UdpMessaging (284)
[2018.09.10-11.14.27:882][210]LogModuleManager: Shutting down and abandoning module TcpMessaging (282)
[2018.09.10-11.14.27:982][210]LogModuleManager: Shutting down and abandoning module MagicLeapAudio (278)
[2018.09.10-11.14.27:982][210]LogModuleManager: Shutting down and abandoning module GameplayTagsEditor (276)
[2018.09.10-11.14.28:010][210]LogModuleManager: Shutting down and abandoning module FacialAnimationEditor (274)
[2018.09.10-11.14.28:010][210]LogModuleManager: Shutting down and abandoning module FacialAnimation (272)
[2018.09.10-11.14.28:010][210]LogModuleManager: Shutting down and abandoning module DataValidation (270)
[2018.09.10-11.14.28:010][210]LogModuleManager: Shutting down and abandoning module AssetManagerEditor (268)
[2018.09.10-11.14.28:027][210]LogModuleManager: Shutting down and abandoning module LevelEditor (267)
[2018.09.10-11.14.28:072][210]LogModuleManager: Shutting down and abandoning module PixelInspectorModule (266)
[2018.09.10-11.14.28:088][210]LogModuleManager: Shutting down and abandoning module CommonMenuExtensions (264)
[2018.09.10-11.14.28:089][210]LogModuleManager: Shutting down and abandoning module MainFrame (262)
[2018.09.10-11.14.28:122][210]LogModuleManager: Shutting down and abandoning module HotReload (261)
[2018.09.10-11.14.28:122][210]LogModuleManager: Shutting down and abandoning module ContentBrowser (257)
[2018.09.10-11.14.28:148][210]LogModuleManager: Shutting down and abandoning module TreeMap (255)
[2018.09.10-11.14.28:170][210]LogModuleManager: Shutting down and abandoning module LightPropagationVolumeRuntime (252)
[2018.09.10-11.14.28:170][210]LogModuleManager: Shutting down and abandoning module AISupportModule (250)
[2018.09.10-11.14.28:170][210]LogModuleManager: Shutting down and abandoning module Paper2D (248)
[2018.09.10-11.14.28:194][210]LogModuleManager: Shutting down and abandoning module WindowsMoviePlayer (246)
[2018.09.10-11.14.28:210][210]LogModuleManager: Shutting down and abandoning module WmfMedia (244)
[2018.09.10-11.14.28:229][210]LogModuleManager: Shutting down and abandoning module Media (243)
[2018.09.10-11.14.28:235][210]LogModuleManager: Shutting down and abandoning module PacketHandler (240)
[2018.09.10-11.14.28:235][210]LogModuleManager: Shutting down and abandoning module ClothingSystemEditor (238)
[2018.09.10-11.14.28:235][210]LogModuleManager: Shutting down and abandoning module ClothingSystemRuntime (236)
[2018.09.10-11.14.28:260][210]LogModuleManager: Shutting down and abandoning module MediaAssets (234)
[2018.09.10-11.14.28:260][210]LogModuleManager: Shutting down and abandoning module Overlay (232)
[2018.09.10-11.14.28:260][210]LogModuleManager: Shutting down and abandoning module OverlayEditor (231)
[2018.09.10-11.14.28:260][210]LogModuleManager: Shutting down and abandoning module VREditor (228)
[2018.09.10-11.14.28:285][210]LogModuleManager: Shutting down and abandoning module StringTableEditor (226)
[2018.09.10-11.14.28:311][210]LogModuleManager: Shutting down and abandoning module GameplayTasksEditor (224)
[2018.09.10-11.14.28:311][210]LogModuleManager: Shutting down and abandoning module BehaviorTreeEditor (222)
[2018.09.10-11.14.28:350][210]LogModuleManager: Shutting down and abandoning module FunctionalTesting (220)
[2018.09.10-11.14.28:373][210]LogModuleManager: Shutting down and abandoning module CollisionAnalyzer (218)
[2018.09.10-11.14.28:396][210]LogModuleManager: Shutting down and abandoning module WorkspaceMenuStructure (217)
[2018.09.10-11.14.28:396][210]LogModuleManager: Shutting down and abandoning module UMG (214)
[2018.09.10-11.14.28:428][210]LogModuleManager: Shutting down and abandoning module UMGEditor (213)
[2018.09.10-11.14.28:449][210]LogModuleManager: Shutting down and abandoning module Sequencer (212)
[2018.09.10-11.14.28:470][210]LogModuleManager: Shutting down and abandoning module MessageLog (209)
[2018.09.10-11.14.28:470][210]LogModuleManager: Shutting down and abandoning module SlateReflector (204)
[2018.09.10-11.14.28:488][210]LogModuleManager: Shutting down and abandoning module Slate (202)
[2018.09.10-11.14.28:488][210]LogModuleManager: Shutting down and abandoning module EditorStyle (200)
[2018.09.10-11.14.28:491][210]LogModuleManager: Shutting down and abandoning module MRMesh (198)
[2018.09.10-11.14.28:491][210]LogModuleManager: Shutting down and abandoning module SourceCodeAccess (196)
[2018.09.10-11.14.28:491][210]LogModuleManager: Shutting down and abandoning module HeadMountedDisplay (194)
[2018.09.10-11.14.28:491][210]LogModuleManager: Shutting down and abandoning module XAudio2 (192)
[2018.09.10-11.14.28:491][210]LogModuleManager: Shutting down and abandoning module Networking (190)
[2018.09.10-11.14.28:491][210]LogModuleManager: Shutting down and abandoning module Core (188)
[2018.09.10-11.14.28:491][210]LogModuleManager: Shutting down and abandoning module LevelSequence (186)
[2018.09.10-11.14.28:491][210]LogModuleManager: Shutting down and abandoning module KismetCompiler (184)
[2018.09.10-11.14.28:491][210]LogModuleManager: Shutting down and abandoning module MeshUtilities (182)
[2018.09.10-11.14.28:516][210]LogModuleManager: Shutting down and abandoning module MeshMergeUtilities (181)
[2018.09.10-11.14.28:531][210]LogModuleManager: Shutting down and abandoning module MeshReductionInterface (180)
[2018.09.10-11.14.28:531][210]LogModuleManager: Shutting down and abandoning module SimplygonSwarm (179)
[2018.09.10-11.14.28:554][210]LogModuleManager: Shutting down and abandoning module ProxyLODMeshReduction (177)
[2018.09.10-11.14.28:582][210]LogModuleManager: Shutting down and abandoning module SimplygonMeshReduction (175)
[2018.09.10-11.14.28:582][210]LogModuleManager: Shutting down and abandoning module QuadricMeshReduction (173)
[2018.09.10-11.14.28:607][210]LogModuleManager: Shutting down and abandoning module MaterialBaking (169)
[2018.09.10-11.14.28:618][210]LogModuleManager: Shutting down and abandoning module DirectoryWatcher (165)
[2018.09.10-11.14.28:619][210]LogModuleManager: Shutting down and abandoning module DerivedDataCache (162)
[2018.09.10-11.14.28:704][210]LogDerivedDataCache: Shutdown
[2018.09.10-11.14.28:704][210]LogModuleManager: Shutting down and abandoning module XGEController (160)
[2018.09.10-11.14.28:704][210]LogModuleManager: Shutting down and abandoning module TargetPlatform (158)
[2018.09.10-11.14.28:704][210]LogModuleManager: Shutting down and abandoning module VulkanShaderFormat (157)
[2018.09.10-11.14.28:704][210]LogModuleManager: Shutting down and abandoning module ShaderFormatVectorVM (155)
[2018.09.10-11.14.28:704][210]LogModuleManager: Shutting down and abandoning module ShaderFormatOpenGL (153)
[2018.09.10-11.14.28:704][210]LogModuleManager: Shutting down and abandoning module ShaderFormatD3D (151)
[2018.09.10-11.14.28:704][210]LogModuleManager: Shutting down and abandoning module MetalShaderFormat (149)
[2018.09.10-11.14.28:714][210]LogModuleManager: Shutting down and abandoning module TextureFormatUncompressed (147)
[2018.09.10-11.14.28:715][210]LogModuleManager: Shutting down and abandoning module TextureFormatPVR (145)
[2018.09.10-11.14.28:715][210]LogModuleManager: Shutting down and abandoning module TextureFormatDXT (143)
[2018.09.10-11.14.28:715][210]LogModuleManager: Shutting down and abandoning module TextureFormatIntelISPCTexComp (141)
[2018.09.10-11.14.28:715][210]LogModuleManager: Shutting down and abandoning module TextureFormatASTC (139)
[2018.09.10-11.14.28:715][210]LogModuleManager: Shutting down and abandoning module ImageWrapper (138)
[2018.09.10-11.14.28:715][210]LogModuleManager: Shutting down and abandoning module TextureFormatAndroid (135)
[2018.09.10-11.14.28:715][210]LogModuleManager: Shutting down and abandoning module AudioFormatOpus (133)
[2018.09.10-11.14.28:715][210]LogModuleManager: Shutting down and abandoning module AudioFormatOgg (131)
[2018.09.10-11.14.28:715][210]LogModuleManager: Shutting down and abandoning module AudioFormatADPCM (129)
[2018.09.10-11.14.28:715][210]LogModuleManager: Shutting down and abandoning module LuminTargetPlatform (127)
[2018.09.10-11.14.28:715][210]LogModuleManager: Shutting down and abandoning module LinuxTargetPlatform (125)
[2018.09.10-11.14.28:715][210]LogModuleManager: Shutting down and abandoning module LinuxServerTargetPlatform (123)
[2018.09.10-11.14.28:715][210]LogModuleManager: Shutting down and abandoning module LinuxNoEditorTargetPlatform (121)
[2018.09.10-11.14.28:715][210]LogModuleManager: Shutting down and abandoning module LinuxClientTargetPlatform (119)
[2018.09.10-11.14.28:715][210]LogModuleManager: Shutting down and abandoning module TVOSTargetPlatform (117)
[2018.09.10-11.14.28:716][210]LogModuleManager: Shutting down and abandoning module Messaging (115)
[2018.09.10-11.14.28:716][210]LogModuleManager: Shutting down and abandoning module IOSTargetPlatform (113)
[2018.09.10-11.14.28:717][210]LogModuleManager: Shutting down and abandoning module HTML5TargetPlatform (111)
[2018.09.10-11.14.28:718][210]LogModuleManager: Shutting down and abandoning module AndroidTargetPlatform (109)
[2018.09.10-11.14.28:728][210]LogModuleManager: Shutting down and abandoning module WindowsTargetPlatform (107)
[2018.09.10-11.14.28:728][210]LogModuleManager: Shutting down and abandoning module WindowsServerTargetPlatform (105)
[2018.09.10-11.14.28:728][210]LogModuleManager: Shutting down and abandoning module WindowsNoEditorTargetPlatform (103)
[2018.09.10-11.14.28:728][210]LogModuleManager: Shutting down and abandoning module WindowsClientTargetPlatform (101)
[2018.09.10-11.14.28:728][210]LogModuleManager: Shutting down and abandoning module MacTargetPlatform (99)
[2018.09.10-11.14.28:728][210]LogModuleManager: Shutting down and abandoning module MacServerTargetPlatform (97)
[2018.09.10-11.14.28:728][210]LogModuleManager: Shutting down and abandoning module MacNoEditorTargetPlatform (95)
[2018.09.10-11.14.28:728][210]LogModuleManager: Shutting down and abandoning module MacClientTargetPlatform (93)
[2018.09.10-11.14.28:728][210]LogModuleManager: Shutting down and abandoning module AllDesktopTargetPlatform (91)
[2018.09.10-11.14.28:729][210]LogModuleManager: Shutting down and abandoning module InputCore (88)
[2018.09.10-11.14.28:729][210]LogModuleManager: Shutting down and abandoning module Settings (86)
[2018.09.10-11.14.28:729][210]LogModuleManager: Shutting down and abandoning module PhysXCooking (84)
[2018.09.10-11.14.28:729][210]LogModuleManager: Shutting down and abandoning module SteamVR (82)
[2018.09.10-11.14.28:729][210]LogModuleManager: Shutting down and abandoning module OculusHMD (80)
[2018.09.10-11.14.28:747][210]LogModuleManager: Shutting down and abandoning module ExampleDeviceProfileSelector (78)
[2018.09.10-11.14.28:747][210]LogModuleManager: Shutting down and abandoning module LauncherChunkInstaller (76)
[2018.09.10-11.14.28:747][210]LogModuleManager: Shutting down and abandoning module OnlineBlueprintSupport (74)
[2018.09.10-11.14.28:747][210]LogModuleManager: Shutting down and abandoning module OnlineSubsystem (70)
[2018.09.10-11.14.28:805][210]LogModuleManager: Shutting down and abandoning module XMPP (65)
[2018.09.10-11.14.28:837][210]LogModuleManager: Shutting down and abandoning module WebSockets (64)
[2018.09.10-11.14.28:866][210]LogModuleManager: Shutting down and abandoning module HTTP (61)
[2018.09.10-11.14.28:875][210]LogHttp: Display: Http module shutting down, but needs to wait on 1 outstanding Http requests:
[2018.09.10-11.14.28:875][210]LogHttp: Display: 	verb=[POST] url=[https://datarouter.ol.epicgames.com/datarouter/api/v1/public/data?SessionID=%7BF9B34AF7-4D2A-3419-EEE9-EC964714D60C%7D&AppID=UEEditor.Rocket.Release&AppVersion=4.20.2-4302132%2B%2B%2BUE4%2BRelease-4.20&UserID=6b7b0c9d4ae7080f718926b0c0e74592%7Ca8acd073419d4ba5af06128a796b67e5%7C16748a16-ac96-4a19-acf9-81021a0a2cc2&AppEnvironment=datacollector-binary&UploadType=eteventstream] status=Processing
[2018.09.10-11.14.28:902][210]LogModuleManager: Shutting down and abandoning module SSL (60)
[2018.09.10-11.14.28:929][210]LogModuleManager: Shutting down and abandoning module MagicLeapEmulator (56)
[2018.09.10-11.14.28:929][210]LogModuleManager: Shutting down and abandoning module MagicLeapPrivileges (54)
[2018.09.10-11.14.28:929][210]LogModuleManager: Shutting down and abandoning module MagicLeapIdentity (52)
[2018.09.10-11.14.28:929][210]LogModuleManager: Shutting down and abandoning module MagicLeapHelperVulkan (50)
[2018.09.10-11.14.28:929][210]LogModuleManager: Shutting down and abandoning module MagicLeapHelperOpenGL (48)
[2018.09.10-11.14.28:929][210]LogModuleManager: Shutting down and abandoning module MagicLeapSecureStorage (46)
[2018.09.10-11.14.28:929][210]LogModuleManager: Shutting down and abandoning module MagicLeapGestures (44)
[2018.09.10-11.14.28:929][210]LogModuleManager: Shutting down and abandoning module MagicLeapEyeTracker (42)
[2018.09.10-11.14.28:929][210]LogModuleManager: Shutting down and abandoning module MagicLeapController (40)
[2018.09.10-11.14.28:929][210]LogSlate: Slate User Destroyed.  User Index 0, Is Virtual User: 0
[2018.09.10-11.14.28:929][210]LogModuleManager: Shutting down and abandoning module MagicLeap (38)
[2018.09.10-11.14.28:929][210]LogModuleManager: Shutting down and abandoning module AnimationModifiers (36)
[2018.09.10-11.14.28:965][210]LogModuleManager: Shutting down and abandoning module PropertyEditor (35)
[2018.09.10-11.14.28:999][210]LogModuleManager: Shutting down and abandoning module AudioEditor (32)
[2018.09.10-11.14.29:039][210]LogModuleManager: Shutting down and abandoning module TextureCompressor (30)
[2018.09.10-11.14.29:040][210]LogModuleManager: Shutting down and abandoning module ShaderCore (28)
[2018.09.10-11.14.29:040][210]LogModuleManager: Shutting down and abandoning module Landscape (26)
[2018.09.10-11.14.29:040][210]LogModuleManager: Shutting down and abandoning module SlateRHIRenderer (24)
[2018.09.10-11.14.29:071][210]LogModuleManager: Shutting down and abandoning module OpenGLDrv (22)
[2018.09.10-11.14.29:083][210]LogModuleManager: Shutting down and abandoning module D3D11RHI (20)
[2018.09.10-11.14.29:083][210]LogModuleManager: Shutting down and abandoning module AnimGraphRuntime (18)
[2018.09.10-11.14.29:098][210]LogModuleManager: Shutting down and abandoning module Renderer (16)
[2018.09.10-11.14.29:098][210]LogModuleManager: Shutting down and abandoning module Engine (14)
[2018.09.10-11.14.29:098][210]LogModuleManager: Shutting down and abandoning module CoreUObject (12)
[2018.09.10-11.14.29:098][210]LogModuleManager: Shutting down and abandoning module NetworkFile (10)
[2018.09.10-11.14.29:098][210]LogModuleManager: Shutting down and abandoning module CookedIterativeFile (8)
[2018.09.10-11.14.29:098][210]LogModuleManager: Shutting down and abandoning module StreamingFile (6)
[2018.09.10-11.14.29:098][210]LogModuleManager: Shutting down and abandoning module SandboxFile (4)
[2018.09.10-11.14.29:098][210]LogModuleManager: Shutting down and abandoning module PakFile (2)
[2018.09.10-11.14.29:122][210]LogExit: Exiting.
[2018.09.10-11.14.29:150][210]Log file closed, 09/10/18 13:14:29
